{"__type":"$$EventMessageWorkflow","id":"0f97730e-17fd-4938-b000-7e119a984378","ts":"2025-06-15T06:59:04.234+00:00","eventName":"n8n.workflow.started","message":"n8n.workflow.started","payload":{"executionId":"178","workflowId":"UX_Starter_Workflow_001","isManual":false,"workflowName":"UX_Starter_Workflow_001"}}
{"__type":"$$EventMessageConfirm","confirm":"0f97730e-17fd-4938-b000-7e119a984378","ts":"2025-06-15T06:59:04.234+00:00","source":{"id":"0","name":"eventBus"}}
{"__type":"$$EventMessageNode","id":"81b115a2-265a-4288-af5c-7b6331d89aa8","ts":"2025-06-15T06:59:04.235+00:00","eventName":"n8n.node.started","message":"n8n.node.started","payload":{"workflowId":"UX_Starter_Workflow_001","workflowName":"UX_Starter_Workflow_001","executionId":"178","nodeType":"n8n-nodes-base.manualTrigger","nodeName":"UX_Starter_Workflow_001_ManualTrigger"}}
{"__type":"$$EventMessageConfirm","confirm":"81b115a2-265a-4288-af5c-7b6331d89aa8","ts":"2025-06-15T06:59:04.235+00:00","source":{"id":"0","name":"eventBus"}}
{"__type":"$$EventMessageNode","id":"1b77369a-3b56-490e-90d6-8425a17fef7a","ts":"2025-06-15T06:59:04.237+00:00","eventName":"n8n.node.finished","message":"n8n.node.finished","payload":{"workflowId":"UX_Starter_Workflow_001","workflowName":"UX_Starter_Workflow_001","executionId":"178","nodeType":"n8n-nodes-base.manualTrigger","nodeName":"UX_Starter_Workflow_001_ManualTrigger"}}
{"__type":"$$EventMessageConfirm","confirm":"1b77369a-3b56-490e-90d6-8425a17fef7a","ts":"2025-06-15T06:59:04.237+00:00","source":{"id":"0","name":"eventBus"}}
{"__type":"$$EventMessageWorkflow","id":"74aab6a3-c5a9-4743-bfd2-70c328d44bb5","ts":"2025-06-15T06:59:04.240+00:00","eventName":"n8n.workflow.success","message":"n8n.workflow.success","payload":{"executionId":"178","userId":"4de22806-68f5-41f1-8225-72fd5cb43857","success":true,"isManual":true,"workflowId":"UX_Starter_Workflow_001","workflowName":"UX_Starter_Workflow_001"}}
{"__type":"$$EventMessageConfirm","confirm":"74aab6a3-c5a9-4743-bfd2-70c328d44bb5","ts":"2025-06-15T06:59:04.240+00:00","source":{"id":"0","name":"eventBus"}}
{"__type":"$$EventMessageWorkflow","id":"f3e5cf7c-6552-4fe8-a3e9-8111ee0f11cb","ts":"2025-06-15T06:59:04.494+00:00","eventName":"n8n.workflow.started","message":"n8n.workflow.started","payload":{"executionId":"179","workflowId":"UX_Starter_Workflow_001","isManual":false,"workflowName":"UX_Starter_Workflow_001"}}
{"__type":"$$EventMessageConfirm","confirm":"f3e5cf7c-6552-4fe8-a3e9-8111ee0f11cb","ts":"2025-06-15T06:59:04.495+00:00","source":{"id":"0","name":"eventBus"}}
{"__type":"$$EventMessageNode","id":"2c19229e-2015-4822-84c1-99b0345f237d","ts":"2025-06-15T06:59:04.495+00:00","eventName":"n8n.node.started","message":"n8n.node.started","payload":{"workflowId":"UX_Starter_Workflow_001","workflowName":"UX_Starter_Workflow_001","executionId":"179","nodeType":"n8n-nodes-base.manualTrigger","nodeName":"UX_Starter_Workflow_001_ManualTrigger"}}
{"__type":"$$EventMessageConfirm","confirm":"2c19229e-2015-4822-84c1-99b0345f237d","ts":"2025-06-15T06:59:04.495+00:00","source":{"id":"0","name":"eventBus"}}
{"__type":"$$EventMessageNode","id":"005cb703-c80d-4956-8410-fb4cb9873a5d","ts":"2025-06-15T06:59:04.497+00:00","eventName":"n8n.node.finished","message":"n8n.node.finished","payload":{"workflowId":"UX_Starter_Workflow_001","workflowName":"UX_Starter_Workflow_001","executionId":"179","nodeType":"n8n-nodes-base.manualTrigger","nodeName":"UX_Starter_Workflow_001_ManualTrigger"}}
{"__type":"$$EventMessageConfirm","confirm":"005cb703-c80d-4956-8410-fb4cb9873a5d","ts":"2025-06-15T06:59:04.497+00:00","source":{"id":"0","name":"eventBus"}}
{"__type":"$$EventMessageWorkflow","id":"ba571953-2863-4141-82f3-a24193a08fff","ts":"2025-06-15T06:59:04.500+00:00","eventName":"n8n.workflow.success","message":"n8n.workflow.success","payload":{"executionId":"179","userId":"4de22806-68f5-41f1-8225-72fd5cb43857","success":true,"isManual":true,"workflowId":"UX_Starter_Workflow_001","workflowName":"UX_Starter_Workflow_001"}}
{"__type":"$$EventMessageConfirm","confirm":"ba571953-2863-4141-82f3-a24193a08fff","ts":"2025-06-15T06:59:04.500+00:00","source":{"id":"0","name":"eventBus"}}
{"__type":"$$EventMessageWorkflow","id":"6069834c-8d60-4a81-bdfc-a52852b9dca6","ts":"2025-06-15T06:59:05.869+00:00","eventName":"n8n.workflow.failed","message":"n8n.workflow.failed","payload":{"executionId":"180","userId":"4de22806-68f5-41f1-8225-72fd5cb43857","success":false,"isManual":true,"workflowId":"UX_Starter_Workflow_001","workflowName":"UX_Starter_Workflow_001","errorMessage":"The expression evaluated to a falsy value:\n\n  a.ok(from)\n"}}
{"__type":"$$EventMessageConfirm","confirm":"6069834c-8d60-4a81-bdfc-a52852b9dca6","ts":"2025-06-15T06:59:05.869+00:00","source":{"id":"0","name":"eventBus"}}
{"__type":"$$EventMessageWorkflow","id":"f1bafb9a-8f81-4f60-9a70-a8b11f886cef","ts":"2025-06-15T06:59:06.844+00:00","eventName":"n8n.workflow.started","message":"n8n.workflow.started","payload":{"executionId":"181","workflowId":"UX_Starter_Workflow_001","isManual":false,"workflowName":"UX_Starter_Workflow_001"}}
{"__type":"$$EventMessageConfirm","confirm":"f1bafb9a-8f81-4f60-9a70-a8b11f886cef","ts":"2025-06-15T06:59:06.844+00:00","source":{"id":"0","name":"eventBus"}}
{"__type":"$$EventMessageWorkflow","id":"3af091fd-d1ec-4de7-8a8d-1d4fc284d901","ts":"2025-06-15T06:59:06.847+00:00","eventName":"n8n.workflow.success","message":"n8n.workflow.success","payload":{"executionId":"181","userId":"4de22806-68f5-41f1-8225-72fd5cb43857","success":true,"isManual":true,"workflowId":"UX_Starter_Workflow_001","workflowName":"UX_Starter_Workflow_001"}}
{"__type":"$$EventMessageConfirm","confirm":"3af091fd-d1ec-4de7-8a8d-1d4fc284d901","ts":"2025-06-15T06:59:06.847+00:00","source":{"id":"0","name":"eventBus"}}
{"__type":"$$EventMessageWorkflow","id":"24efb9ce-cf19-44e5-a112-a6cf60f25659","ts":"2025-06-15T06:59:08.265+00:00","eventName":"n8n.workflow.started","message":"n8n.workflow.started","payload":{"executionId":"182","workflowId":"UX_Starter_Workflow_001","isManual":false,"workflowName":"UX_Starter_Workflow_001"}}
{"__type":"$$EventMessageConfirm","confirm":"24efb9ce-cf19-44e5-a112-a6cf60f25659","ts":"2025-06-15T06:59:08.266+00:00","source":{"id":"0","name":"eventBus"}}
{"__type":"$$EventMessageNode","id":"6056c3ae-5409-4f80-895b-67e1ad84fb2c","ts":"2025-06-15T06:59:08.266+00:00","eventName":"n8n.node.started","message":"n8n.node.started","payload":{"workflowId":"UX_Starter_Workflow_001","workflowName":"UX_Starter_Workflow_001","executionId":"182","nodeType":"n8n-nodes-base.manualTrigger","nodeName":"UX_Starter_Workflow_001_ManualTrigger"}}
{"__type":"$$EventMessageConfirm","confirm":"6056c3ae-5409-4f80-895b-67e1ad84fb2c","ts":"2025-06-15T06:59:08.266+00:00","source":{"id":"0","name":"eventBus"}}
{"__type":"$$EventMessageNode","id":"f64436c4-235c-4df9-9509-a15250d5a058","ts":"2025-06-15T06:59:08.267+00:00","eventName":"n8n.node.finished","message":"n8n.node.finished","payload":{"workflowId":"UX_Starter_Workflow_001","workflowName":"UX_Starter_Workflow_001","executionId":"182","nodeType":"n8n-nodes-base.manualTrigger","nodeName":"UX_Starter_Workflow_001_ManualTrigger"}}
{"__type":"$$EventMessageConfirm","confirm":"f64436c4-235c-4df9-9509-a15250d5a058","ts":"2025-06-15T06:59:08.267+00:00","source":{"id":"0","name":"eventBus"}}
{"__type":"$$EventMessageWorkflow","id":"d56e78af-c005-44c1-8fc6-b087aef3ecb8","ts":"2025-06-15T06:59:08.269+00:00","eventName":"n8n.workflow.success","message":"n8n.workflow.success","payload":{"executionId":"182","userId":"4de22806-68f5-41f1-8225-72fd5cb43857","success":true,"isManual":true,"workflowId":"UX_Starter_Workflow_001","workflowName":"UX_Starter_Workflow_001"}}
{"__type":"$$EventMessageConfirm","confirm":"d56e78af-c005-44c1-8fc6-b087aef3ecb8","ts":"2025-06-15T06:59:08.269+00:00","source":{"id":"0","name":"eventBus"}}
{"__type":"$$EventMessageWorkflow","id":"bdea858a-1b9f-4454-84ec-45e3f7015d82","ts":"2025-06-15T06:59:09.577+00:00","eventName":"n8n.workflow.started","message":"n8n.workflow.started","payload":{"executionId":"183","workflowId":"UX_Starter_Workflow_001","isManual":false,"workflowName":"UX_Starter_Workflow_001"}}
{"__type":"$$EventMessageConfirm","confirm":"bdea858a-1b9f-4454-84ec-45e3f7015d82","ts":"2025-06-15T06:59:09.577+00:00","source":{"id":"0","name":"eventBus"}}
{"__type":"$$EventMessageNode","id":"c1c877db-ef0b-497b-9d1b-8bb508777577","ts":"2025-06-15T06:59:09.578+00:00","eventName":"n8n.node.started","message":"n8n.node.started","payload":{"workflowId":"UX_Starter_Workflow_001","workflowName":"UX_Starter_Workflow_001","executionId":"183","nodeType":"n8n-nodes-base.manualTrigger","nodeName":"UX_Starter_Workflow_001_ManualTrigger"}}
{"__type":"$$EventMessageConfirm","confirm":"c1c877db-ef0b-497b-9d1b-8bb508777577","ts":"2025-06-15T06:59:09.578+00:00","source":{"id":"0","name":"eventBus"}}
{"__type":"$$EventMessageNode","id":"4773bb3c-38eb-4fbc-ab1f-876f6b77c093","ts":"2025-06-15T06:59:09.578+00:00","eventName":"n8n.node.finished","message":"n8n.node.finished","payload":{"workflowId":"UX_Starter_Workflow_001","workflowName":"UX_Starter_Workflow_001","executionId":"183","nodeType":"n8n-nodes-base.manualTrigger","nodeName":"UX_Starter_Workflow_001_ManualTrigger"}}
{"__type":"$$EventMessageConfirm","confirm":"4773bb3c-38eb-4fbc-ab1f-876f6b77c093","ts":"2025-06-15T06:59:09.578+00:00","source":{"id":"0","name":"eventBus"}}
{"__type":"$$EventMessageWorkflow","id":"602a74ae-aad4-4837-86a3-7314538fbe19","ts":"2025-06-15T06:59:09.579+00:00","eventName":"n8n.workflow.success","message":"n8n.workflow.success","payload":{"executionId":"183","userId":"4de22806-68f5-41f1-8225-72fd5cb43857","success":true,"isManual":true,"workflowId":"UX_Starter_Workflow_001","workflowName":"UX_Starter_Workflow_001"}}
{"__type":"$$EventMessageConfirm","confirm":"602a74ae-aad4-4837-86a3-7314538fbe19","ts":"2025-06-15T06:59:09.579+00:00","source":{"id":"0","name":"eventBus"}}
{"__type":"$$EventMessageWorkflow","id":"6b50d2ac-dcd8-4591-967e-38093b77391e","ts":"2025-06-15T07:06:24.178+00:00","eventName":"n8n.workflow.started","message":"n8n.workflow.started","payload":{"executionId":"184","workflowId":"UX_Starter_Workflow_001","isManual":false,"workflowName":"UX_Starter_Workflow_001"}}
{"__type":"$$EventMessageConfirm","confirm":"6b50d2ac-dcd8-4591-967e-38093b77391e","ts":"2025-06-15T07:06:24.178+00:00","source":{"id":"0","name":"eventBus"}}
{"__type":"$$EventMessageNode","id":"1b251c95-bf87-4b6b-963b-2bd377e3bd30","ts":"2025-06-15T07:06:24.179+00:00","eventName":"n8n.node.started","message":"n8n.node.started","payload":{"workflowId":"UX_Starter_Workflow_001","workflowName":"UX_Starter_Workflow_001","executionId":"184","nodeType":"n8n-nodes-base.manualTrigger","nodeName":"UX_Starter_Workflow_001_ManualTrigger"}}
{"__type":"$$EventMessageConfirm","confirm":"1b251c95-bf87-4b6b-963b-2bd377e3bd30","ts":"2025-06-15T07:06:24.179+00:00","source":{"id":"0","name":"eventBus"}}
{"__type":"$$EventMessageNode","id":"77c37732-9959-4143-bf3a-356f088020fb","ts":"2025-06-15T07:06:24.180+00:00","eventName":"n8n.node.finished","message":"n8n.node.finished","payload":{"workflowId":"UX_Starter_Workflow_001","workflowName":"UX_Starter_Workflow_001","executionId":"184","nodeType":"n8n-nodes-base.manualTrigger","nodeName":"UX_Starter_Workflow_001_ManualTrigger"}}
{"__type":"$$EventMessageConfirm","confirm":"77c37732-9959-4143-bf3a-356f088020fb","ts":"2025-06-15T07:06:24.180+00:00","source":{"id":"0","name":"eventBus"}}
{"__type":"$$EventMessageWorkflow","id":"8c6b3aeb-9100-4592-90bc-db3aca76d1c6","ts":"2025-06-15T07:06:24.181+00:00","eventName":"n8n.workflow.success","message":"n8n.workflow.success","payload":{"executionId":"184","userId":"4de22806-68f5-41f1-8225-72fd5cb43857","success":true,"isManual":true,"workflowId":"UX_Starter_Workflow_001","workflowName":"UX_Starter_Workflow_001"}}
{"__type":"$$EventMessageConfirm","confirm":"8c6b3aeb-9100-4592-90bc-db3aca76d1c6","ts":"2025-06-15T07:06:24.181+00:00","source":{"id":"0","name":"eventBus"}}
{"__type":"$$EventMessageWorkflow","id":"a8f664a0-9b1e-4d2f-9b0f-2a1244e8e109","ts":"2025-06-15T07:06:24.947+00:00","eventName":"n8n.workflow.started","message":"n8n.workflow.started","payload":{"executionId":"185","workflowId":"UX_Starter_Workflow_001","isManual":false,"workflowName":"UX_Starter_Workflow_001"}}
{"__type":"$$EventMessageConfirm","confirm":"a8f664a0-9b1e-4d2f-9b0f-2a1244e8e109","ts":"2025-06-15T07:06:24.947+00:00","source":{"id":"0","name":"eventBus"}}
{"__type":"$$EventMessageNode","id":"0c04e6b3-9b2d-412e-ba44-8df565a227b9","ts":"2025-06-15T07:06:24.948+00:00","eventName":"n8n.node.started","message":"n8n.node.started","payload":{"workflowId":"UX_Starter_Workflow_001","workflowName":"UX_Starter_Workflow_001","executionId":"185","nodeType":"n8n-nodes-base.manualTrigger","nodeName":"UX_Starter_Workflow_001_ManualTrigger"}}
{"__type":"$$EventMessageConfirm","confirm":"0c04e6b3-9b2d-412e-ba44-8df565a227b9","ts":"2025-06-15T07:06:24.948+00:00","source":{"id":"0","name":"eventBus"}}
{"__type":"$$EventMessageNode","id":"e66629ad-eef1-4bc9-a7c0-b1189c418aa7","ts":"2025-06-15T07:06:24.949+00:00","eventName":"n8n.node.finished","message":"n8n.node.finished","payload":{"workflowId":"UX_Starter_Workflow_001","workflowName":"UX_Starter_Workflow_001","executionId":"185","nodeType":"n8n-nodes-base.manualTrigger","nodeName":"UX_Starter_Workflow_001_ManualTrigger"}}
{"__type":"$$EventMessageConfirm","confirm":"e66629ad-eef1-4bc9-a7c0-b1189c418aa7","ts":"2025-06-15T07:06:24.949+00:00","source":{"id":"0","name":"eventBus"}}
{"__type":"$$EventMessageWorkflow","id":"ca7adacf-2fe1-4007-a5db-4a4eb5934715","ts":"2025-06-15T07:06:24.951+00:00","eventName":"n8n.workflow.success","message":"n8n.workflow.success","payload":{"executionId":"185","userId":"4de22806-68f5-41f1-8225-72fd5cb43857","success":true,"isManual":true,"workflowId":"UX_Starter_Workflow_001","workflowName":"UX_Starter_Workflow_001"}}
{"__type":"$$EventMessageConfirm","confirm":"ca7adacf-2fe1-4007-a5db-4a4eb5934715","ts":"2025-06-15T07:06:24.951+00:00","source":{"id":"0","name":"eventBus"}}
