{"__type":"$$EventMessageWorkflow","id":"4beeaca0-e0d6-4507-bc87-2b432d402016","ts":"2025-06-15T06:16:11.474+00:00","eventName":"n8n.workflow.started","message":"n8n.workflow.started","payload":{"executionId":"170","workflowId":"UX_Starter_Workflow_001","isManual":false,"workflowName":"UX_Starter_Workflow_001"}}
{"__type":"$$EventMessageConfirm","confirm":"4beeaca0-e0d6-4507-bc87-2b432d402016","ts":"2025-06-15T06:16:11.480+00:00","source":{"id":"0","name":"eventBus"}}
{"__type":"$$EventMessageNode","id":"8016961e-31a2-4303-9036-c0f089a3a166","ts":"2025-06-15T06:16:11.481+00:00","eventName":"n8n.node.started","message":"n8n.node.started","payload":{"workflowId":"UX_Starter_Workflow_001","workflowName":"UX_Starter_Workflow_001","executionId":"170","nodeType":"n8n-nodes-base.manualTrigger","nodeName":"UX_Starter_Workflow_001_ManualTrigger"}}
{"__type":"$$EventMessageConfirm","confirm":"8016961e-31a2-4303-9036-c0f089a3a166","ts":"2025-06-15T06:16:11.481+00:00","source":{"id":"0","name":"eventBus"}}
{"__type":"$$EventMessageNode","id":"73e61ccc-4783-452b-852d-29946a302d85","ts":"2025-06-15T06:16:11.483+00:00","eventName":"n8n.node.finished","message":"n8n.node.finished","payload":{"workflowId":"UX_Starter_Workflow_001","workflowName":"UX_Starter_Workflow_001","executionId":"170","nodeType":"n8n-nodes-base.manualTrigger","nodeName":"UX_Starter_Workflow_001_ManualTrigger"}}
{"__type":"$$EventMessageConfirm","confirm":"73e61ccc-4783-452b-852d-29946a302d85","ts":"2025-06-15T06:16:11.483+00:00","source":{"id":"0","name":"eventBus"}}
{"__type":"$$EventMessageWorkflow","id":"7ef944a2-9752-4f20-82e5-195dd3438169","ts":"2025-06-15T06:16:11.487+00:00","eventName":"n8n.workflow.success","message":"n8n.workflow.success","payload":{"executionId":"170","userId":"4de22806-68f5-41f1-8225-72fd5cb43857","success":true,"isManual":true,"workflowId":"UX_Starter_Workflow_001","workflowName":"UX_Starter_Workflow_001"}}
{"__type":"$$EventMessageConfirm","confirm":"7ef944a2-9752-4f20-82e5-195dd3438169","ts":"2025-06-15T06:16:11.487+00:00","source":{"id":"0","name":"eventBus"}}
{"__type":"$$EventMessageWorkflow","id":"a7e6e163-0c91-4260-8278-3d9a942c61ac","ts":"2025-06-15T06:16:12.857+00:00","eventName":"n8n.workflow.failed","message":"n8n.workflow.failed","payload":{"executionId":"171","userId":"4de22806-68f5-41f1-8225-72fd5cb43857","success":false,"isManual":true,"workflowId":"UX_Starter_Workflow_001","workflowName":"UX_Starter_Workflow_001","errorMessage":"The expression evaluated to a falsy value:\n\n  a.ok(from)\n"}}
{"__type":"$$EventMessageConfirm","confirm":"a7e6e163-0c91-4260-8278-3d9a942c61ac","ts":"2025-06-15T06:16:12.857+00:00","source":{"id":"0","name":"eventBus"}}
{"__type":"$$EventMessageWorkflow","id":"87530137-665f-4e9a-aa2d-41ddcf80a895","ts":"2025-06-15T06:16:13.928+00:00","eventName":"n8n.workflow.started","message":"n8n.workflow.started","payload":{"executionId":"172","workflowId":"UX_Starter_Workflow_001","isManual":false,"workflowName":"UX_Starter_Workflow_001"}}
{"__type":"$$EventMessageConfirm","confirm":"87530137-665f-4e9a-aa2d-41ddcf80a895","ts":"2025-06-15T06:16:13.929+00:00","source":{"id":"0","name":"eventBus"}}
{"__type":"$$EventMessageWorkflow","id":"05b265ec-c411-49e7-9c27-fddb3bc7e7d9","ts":"2025-06-15T06:16:13.931+00:00","eventName":"n8n.workflow.success","message":"n8n.workflow.success","payload":{"executionId":"172","userId":"4de22806-68f5-41f1-8225-72fd5cb43857","success":true,"isManual":true,"workflowId":"UX_Starter_Workflow_001","workflowName":"UX_Starter_Workflow_001"}}
{"__type":"$$EventMessageConfirm","confirm":"05b265ec-c411-49e7-9c27-fddb3bc7e7d9","ts":"2025-06-15T06:16:13.931+00:00","source":{"id":"0","name":"eventBus"}}
{"__type":"$$EventMessageWorkflow","id":"0cfcb4ca-542c-4298-afb8-ee7b4ac023e7","ts":"2025-06-15T06:16:16.702+00:00","eventName":"n8n.workflow.started","message":"n8n.workflow.started","payload":{"executionId":"173","workflowId":"UX_Starter_Workflow_001","isManual":false,"workflowName":"UX_Starter_Workflow_001"}}
{"__type":"$$EventMessageConfirm","confirm":"0cfcb4ca-542c-4298-afb8-ee7b4ac023e7","ts":"2025-06-15T06:16:16.702+00:00","source":{"id":"0","name":"eventBus"}}
{"__type":"$$EventMessageNode","id":"9a2c355c-a3d6-40db-a80f-89e33d744a32","ts":"2025-06-15T06:16:16.703+00:00","eventName":"n8n.node.started","message":"n8n.node.started","payload":{"workflowId":"UX_Starter_Workflow_001","workflowName":"UX_Starter_Workflow_001","executionId":"173","nodeType":"n8n-nodes-base.manualTrigger","nodeName":"UX_Starter_Workflow_001_ManualTrigger"}}
{"__type":"$$EventMessageConfirm","confirm":"9a2c355c-a3d6-40db-a80f-89e33d744a32","ts":"2025-06-15T06:16:16.703+00:00","source":{"id":"0","name":"eventBus"}}
{"__type":"$$EventMessageNode","id":"1280c34b-df70-45f5-bd57-a61495d0a6e5","ts":"2025-06-15T06:16:16.704+00:00","eventName":"n8n.node.finished","message":"n8n.node.finished","payload":{"workflowId":"UX_Starter_Workflow_001","workflowName":"UX_Starter_Workflow_001","executionId":"173","nodeType":"n8n-nodes-base.manualTrigger","nodeName":"UX_Starter_Workflow_001_ManualTrigger"}}
{"__type":"$$EventMessageConfirm","confirm":"1280c34b-df70-45f5-bd57-a61495d0a6e5","ts":"2025-06-15T06:16:16.704+00:00","source":{"id":"0","name":"eventBus"}}
{"__type":"$$EventMessageWorkflow","id":"7ee3d892-8ee1-473b-aa36-d699b506626c","ts":"2025-06-15T06:16:16.705+00:00","eventName":"n8n.workflow.success","message":"n8n.workflow.success","payload":{"executionId":"173","userId":"4de22806-68f5-41f1-8225-72fd5cb43857","success":true,"isManual":true,"workflowId":"UX_Starter_Workflow_001","workflowName":"UX_Starter_Workflow_001"}}
{"__type":"$$EventMessageConfirm","confirm":"7ee3d892-8ee1-473b-aa36-d699b506626c","ts":"2025-06-15T06:16:16.705+00:00","source":{"id":"0","name":"eventBus"}}
{"__type":"$$EventMessageWorkflow","id":"9fe4aaab-ef56-4fe9-8e97-6845afbc48ba","ts":"2025-06-15T06:39:14.344+00:00","eventName":"n8n.workflow.started","message":"n8n.workflow.started","payload":{"executionId":"174","workflowId":"UX_Starter_Workflow_001","isManual":false,"workflowName":"UX_Starter_Workflow_001"}}
{"__type":"$$EventMessageConfirm","confirm":"9fe4aaab-ef56-4fe9-8e97-6845afbc48ba","ts":"2025-06-15T06:39:14.344+00:00","source":{"id":"0","name":"eventBus"}}
{"__type":"$$EventMessageNode","id":"52c06b13-cf6b-4d41-9c6e-4861dc1caa79","ts":"2025-06-15T06:39:14.345+00:00","eventName":"n8n.node.started","message":"n8n.node.started","payload":{"workflowId":"UX_Starter_Workflow_001","workflowName":"UX_Starter_Workflow_001","executionId":"174","nodeType":"n8n-nodes-base.manualTrigger","nodeName":"UX_Starter_Workflow_001_ManualTrigger"}}
{"__type":"$$EventMessageConfirm","confirm":"52c06b13-cf6b-4d41-9c6e-4861dc1caa79","ts":"2025-06-15T06:39:14.345+00:00","source":{"id":"0","name":"eventBus"}}
{"__type":"$$EventMessageNode","id":"6fb3cbf7-9a35-45df-b40d-b35e5323e6d8","ts":"2025-06-15T06:39:14.346+00:00","eventName":"n8n.node.finished","message":"n8n.node.finished","payload":{"workflowId":"UX_Starter_Workflow_001","workflowName":"UX_Starter_Workflow_001","executionId":"174","nodeType":"n8n-nodes-base.manualTrigger","nodeName":"UX_Starter_Workflow_001_ManualTrigger"}}
{"__type":"$$EventMessageConfirm","confirm":"6fb3cbf7-9a35-45df-b40d-b35e5323e6d8","ts":"2025-06-15T06:39:14.346+00:00","source":{"id":"0","name":"eventBus"}}
{"__type":"$$EventMessageWorkflow","id":"e60ae756-178b-4dea-a850-e9c35f486730","ts":"2025-06-15T06:39:14.348+00:00","eventName":"n8n.workflow.success","message":"n8n.workflow.success","payload":{"executionId":"174","userId":"4de22806-68f5-41f1-8225-72fd5cb43857","success":true,"isManual":true,"workflowId":"UX_Starter_Workflow_001","workflowName":"UX_Starter_Workflow_001"}}
{"__type":"$$EventMessageConfirm","confirm":"e60ae756-178b-4dea-a850-e9c35f486730","ts":"2025-06-15T06:39:14.348+00:00","source":{"id":"0","name":"eventBus"}}
{"__type":"$$EventMessageWorkflow","id":"4f5960a9-5cdc-4bd0-b4bb-b28b08c220f4","ts":"2025-06-15T06:39:15.438+00:00","eventName":"n8n.workflow.failed","message":"n8n.workflow.failed","payload":{"executionId":"175","userId":"4de22806-68f5-41f1-8225-72fd5cb43857","success":false,"isManual":true,"workflowId":"UX_Starter_Workflow_001","workflowName":"UX_Starter_Workflow_001","errorMessage":"The expression evaluated to a falsy value:\n\n  a.ok(from)\n"}}
{"__type":"$$EventMessageConfirm","confirm":"4f5960a9-5cdc-4bd0-b4bb-b28b08c220f4","ts":"2025-06-15T06:39:15.438+00:00","source":{"id":"0","name":"eventBus"}}
{"__type":"$$EventMessageWorkflow","id":"4daf2b14-a878-4dec-8fa2-b54e3c0c7836","ts":"2025-06-15T06:39:16.666+00:00","eventName":"n8n.workflow.started","message":"n8n.workflow.started","payload":{"executionId":"176","workflowId":"UX_Starter_Workflow_001","isManual":false,"workflowName":"UX_Starter_Workflow_001"}}
{"__type":"$$EventMessageConfirm","confirm":"4daf2b14-a878-4dec-8fa2-b54e3c0c7836","ts":"2025-06-15T06:39:16.666+00:00","source":{"id":"0","name":"eventBus"}}
{"__type":"$$EventMessageWorkflow","id":"efa1d4e5-4370-44de-ad3b-1946032019ee","ts":"2025-06-15T06:39:16.668+00:00","eventName":"n8n.workflow.success","message":"n8n.workflow.success","payload":{"executionId":"176","userId":"4de22806-68f5-41f1-8225-72fd5cb43857","success":true,"isManual":true,"workflowId":"UX_Starter_Workflow_001","workflowName":"UX_Starter_Workflow_001"}}
{"__type":"$$EventMessageConfirm","confirm":"efa1d4e5-4370-44de-ad3b-1946032019ee","ts":"2025-06-15T06:39:16.668+00:00","source":{"id":"0","name":"eventBus"}}
{"__type":"$$EventMessageWorkflow","id":"eee85db4-4176-4a00-89c9-621102661035","ts":"2025-06-15T06:39:18.296+00:00","eventName":"n8n.workflow.started","message":"n8n.workflow.started","payload":{"executionId":"177","workflowId":"UX_Starter_Workflow_001","isManual":false,"workflowName":"UX_Starter_Workflow_001"}}
{"__type":"$$EventMessageConfirm","confirm":"eee85db4-4176-4a00-89c9-621102661035","ts":"2025-06-15T06:39:18.296+00:00","source":{"id":"0","name":"eventBus"}}
{"__type":"$$EventMessageNode","id":"7194a6aa-546f-4628-b38f-ba70d016d5da","ts":"2025-06-15T06:39:18.296+00:00","eventName":"n8n.node.started","message":"n8n.node.started","payload":{"workflowId":"UX_Starter_Workflow_001","workflowName":"UX_Starter_Workflow_001","executionId":"177","nodeType":"n8n-nodes-base.manualTrigger","nodeName":"UX_Starter_Workflow_001_ManualTrigger"}}
{"__type":"$$EventMessageConfirm","confirm":"7194a6aa-546f-4628-b38f-ba70d016d5da","ts":"2025-06-15T06:39:18.296+00:00","source":{"id":"0","name":"eventBus"}}
{"__type":"$$EventMessageNode","id":"8149ce5a-bc7c-4d76-bb0b-c9e02ade5f81","ts":"2025-06-15T06:39:18.297+00:00","eventName":"n8n.node.finished","message":"n8n.node.finished","payload":{"workflowId":"UX_Starter_Workflow_001","workflowName":"UX_Starter_Workflow_001","executionId":"177","nodeType":"n8n-nodes-base.manualTrigger","nodeName":"UX_Starter_Workflow_001_ManualTrigger"}}
{"__type":"$$EventMessageConfirm","confirm":"8149ce5a-bc7c-4d76-bb0b-c9e02ade5f81","ts":"2025-06-15T06:39:18.297+00:00","source":{"id":"0","name":"eventBus"}}
{"__type":"$$EventMessageWorkflow","id":"b4f6db58-03fb-4031-98e7-456f33954dac","ts":"2025-06-15T06:39:18.299+00:00","eventName":"n8n.workflow.success","message":"n8n.workflow.success","payload":{"executionId":"177","userId":"4de22806-68f5-41f1-8225-72fd5cb43857","success":true,"isManual":true,"workflowId":"UX_Starter_Workflow_001","workflowName":"UX_Starter_Workflow_001"}}
{"__type":"$$EventMessageConfirm","confirm":"b4f6db58-03fb-4031-98e7-456f33954dac","ts":"2025-06-15T06:39:18.299+00:00","source":{"id":"0","name":"eventBus"}}
