{"__type":"$$EventMessageWorkflow","id":"5c547c95-52b1-4b12-8c52-11511dec10b1","ts":"2025-06-15T07:12:37.526+00:00","eventName":"n8n.workflow.started","message":"n8n.workflow.started","payload":{"executionId":"186","workflowId":"UX_Starter_Workflow_001","isManual":false,"workflowName":"UX_Starter_Workflow_001"}}
{"__type":"$$EventMessageConfirm","confirm":"5c547c95-52b1-4b12-8c52-11511dec10b1","ts":"2025-06-15T07:12:37.526+00:00","source":{"id":"0","name":"eventBus"}}
{"__type":"$$EventMessageNode","id":"391bc1e6-3dd6-415f-8e29-26c41cec7739","ts":"2025-06-15T07:12:37.527+00:00","eventName":"n8n.node.started","message":"n8n.node.started","payload":{"workflowId":"UX_Starter_Workflow_001","workflowName":"UX_Starter_Workflow_001","executionId":"186","nodeType":"n8n-nodes-base.manualTrigger","nodeName":"UX_Starter_Workflow_001_ManualTrigger"}}
{"__type":"$$EventMessageConfirm","confirm":"391bc1e6-3dd6-415f-8e29-26c41cec7739","ts":"2025-06-15T07:12:37.527+00:00","source":{"id":"0","name":"eventBus"}}
{"__type":"$$EventMessageNode","id":"00d3ffb1-84c2-4966-86e2-8645c1f369c4","ts":"2025-06-15T07:12:37.529+00:00","eventName":"n8n.node.finished","message":"n8n.node.finished","payload":{"workflowId":"UX_Starter_Workflow_001","workflowName":"UX_Starter_Workflow_001","executionId":"186","nodeType":"n8n-nodes-base.manualTrigger","nodeName":"UX_Starter_Workflow_001_ManualTrigger"}}
{"__type":"$$EventMessageConfirm","confirm":"00d3ffb1-84c2-4966-86e2-8645c1f369c4","ts":"2025-06-15T07:12:37.529+00:00","source":{"id":"0","name":"eventBus"}}
{"__type":"$$EventMessageWorkflow","id":"f6924ae7-e983-451f-8845-f9f7736f1af3","ts":"2025-06-15T07:12:37.532+00:00","eventName":"n8n.workflow.success","message":"n8n.workflow.success","payload":{"executionId":"186","userId":"4de22806-68f5-41f1-8225-72fd5cb43857","success":true,"isManual":true,"workflowId":"UX_Starter_Workflow_001","workflowName":"UX_Starter_Workflow_001"}}
{"__type":"$$EventMessageConfirm","confirm":"f6924ae7-e983-451f-8845-f9f7736f1af3","ts":"2025-06-15T07:12:37.532+00:00","source":{"id":"0","name":"eventBus"}}
{"__type":"$$EventMessageWorkflow","id":"cfd1472a-93c3-4fcc-a65b-ddcf5473d18c","ts":"2025-06-15T07:12:37.824+00:00","eventName":"n8n.workflow.started","message":"n8n.workflow.started","payload":{"executionId":"187","workflowId":"UX_Starter_Workflow_001","isManual":false,"workflowName":"UX_Starter_Workflow_001"}}
{"__type":"$$EventMessageConfirm","confirm":"cfd1472a-93c3-4fcc-a65b-ddcf5473d18c","ts":"2025-06-15T07:12:37.824+00:00","source":{"id":"0","name":"eventBus"}}
{"__type":"$$EventMessageNode","id":"7f44f581-2852-41f6-a409-1b3121314d98","ts":"2025-06-15T07:12:37.825+00:00","eventName":"n8n.node.started","message":"n8n.node.started","payload":{"workflowId":"UX_Starter_Workflow_001","workflowName":"UX_Starter_Workflow_001","executionId":"187","nodeType":"n8n-nodes-base.manualTrigger","nodeName":"UX_Starter_Workflow_001_ManualTrigger"}}
{"__type":"$$EventMessageConfirm","confirm":"7f44f581-2852-41f6-a409-1b3121314d98","ts":"2025-06-15T07:12:37.825+00:00","source":{"id":"0","name":"eventBus"}}
{"__type":"$$EventMessageNode","id":"7c4bbba5-ebb4-4494-ad56-2c59d9bbfc04","ts":"2025-06-15T07:12:37.827+00:00","eventName":"n8n.node.finished","message":"n8n.node.finished","payload":{"workflowId":"UX_Starter_Workflow_001","workflowName":"UX_Starter_Workflow_001","executionId":"187","nodeType":"n8n-nodes-base.manualTrigger","nodeName":"UX_Starter_Workflow_001_ManualTrigger"}}
{"__type":"$$EventMessageConfirm","confirm":"7c4bbba5-ebb4-4494-ad56-2c59d9bbfc04","ts":"2025-06-15T07:12:37.827+00:00","source":{"id":"0","name":"eventBus"}}
{"__type":"$$EventMessageWorkflow","id":"70d43ec3-30e8-49a5-a5ed-d2a852920395","ts":"2025-06-15T07:12:37.828+00:00","eventName":"n8n.workflow.success","message":"n8n.workflow.success","payload":{"executionId":"187","userId":"4de22806-68f5-41f1-8225-72fd5cb43857","success":true,"isManual":true,"workflowId":"UX_Starter_Workflow_001","workflowName":"UX_Starter_Workflow_001"}}
{"__type":"$$EventMessageConfirm","confirm":"70d43ec3-30e8-49a5-a5ed-d2a852920395","ts":"2025-06-15T07:12:37.828+00:00","source":{"id":"0","name":"eventBus"}}
{"__type":"$$EventMessageWorkflow","id":"735f3d5c-7cc0-4338-a82b-c65f5b6888cf","ts":"2025-06-15T07:12:38.190+00:00","eventName":"n8n.workflow.started","message":"n8n.workflow.started","payload":{"executionId":"188","workflowId":"UX_Starter_Workflow_001","isManual":false,"workflowName":"UX_Starter_Workflow_001"}}
{"__type":"$$EventMessageConfirm","confirm":"735f3d5c-7cc0-4338-a82b-c65f5b6888cf","ts":"2025-06-15T07:12:38.190+00:00","source":{"id":"0","name":"eventBus"}}
{"__type":"$$EventMessageNode","id":"4cf8cdb6-0c24-4001-8e1b-5dc59c008258","ts":"2025-06-15T07:12:38.191+00:00","eventName":"n8n.node.started","message":"n8n.node.started","payload":{"workflowId":"UX_Starter_Workflow_001","workflowName":"UX_Starter_Workflow_001","executionId":"188","nodeType":"n8n-nodes-base.manualTrigger","nodeName":"UX_Starter_Workflow_001_ManualTrigger"}}
{"__type":"$$EventMessageConfirm","confirm":"4cf8cdb6-0c24-4001-8e1b-5dc59c008258","ts":"2025-06-15T07:12:38.191+00:00","source":{"id":"0","name":"eventBus"}}
{"__type":"$$EventMessageNode","id":"510baf66-34f2-4123-a8b1-ec9b77dc0899","ts":"2025-06-15T07:12:38.193+00:00","eventName":"n8n.node.finished","message":"n8n.node.finished","payload":{"workflowId":"UX_Starter_Workflow_001","workflowName":"UX_Starter_Workflow_001","executionId":"188","nodeType":"n8n-nodes-base.manualTrigger","nodeName":"UX_Starter_Workflow_001_ManualTrigger"}}
{"__type":"$$EventMessageConfirm","confirm":"510baf66-34f2-4123-a8b1-ec9b77dc0899","ts":"2025-06-15T07:12:38.193+00:00","source":{"id":"0","name":"eventBus"}}
{"__type":"$$EventMessageWorkflow","id":"d24e4504-6551-4c5c-be71-7b509383083d","ts":"2025-06-15T07:12:38.196+00:00","eventName":"n8n.workflow.success","message":"n8n.workflow.success","payload":{"executionId":"188","userId":"4de22806-68f5-41f1-8225-72fd5cb43857","success":true,"isManual":true,"workflowId":"UX_Starter_Workflow_001","workflowName":"UX_Starter_Workflow_001"}}
{"__type":"$$EventMessageConfirm","confirm":"d24e4504-6551-4c5c-be71-7b509383083d","ts":"2025-06-15T07:12:38.196+00:00","source":{"id":"0","name":"eventBus"}}
{"__type":"$$EventMessageWorkflow","id":"9379f802-dc2a-4970-a2ba-4b629d280524","ts":"2025-06-15T07:12:38.527+00:00","eventName":"n8n.workflow.started","message":"n8n.workflow.started","payload":{"executionId":"189","workflowId":"UX_Starter_Workflow_001","isManual":false,"workflowName":"UX_Starter_Workflow_001"}}
{"__type":"$$EventMessageConfirm","confirm":"9379f802-dc2a-4970-a2ba-4b629d280524","ts":"2025-06-15T07:12:38.527+00:00","source":{"id":"0","name":"eventBus"}}
{"__type":"$$EventMessageNode","id":"d20691c5-a816-4f31-9a78-c720d38f84a7","ts":"2025-06-15T07:12:38.528+00:00","eventName":"n8n.node.started","message":"n8n.node.started","payload":{"workflowId":"UX_Starter_Workflow_001","workflowName":"UX_Starter_Workflow_001","executionId":"189","nodeType":"n8n-nodes-base.manualTrigger","nodeName":"UX_Starter_Workflow_001_ManualTrigger"}}
{"__type":"$$EventMessageConfirm","confirm":"d20691c5-a816-4f31-9a78-c720d38f84a7","ts":"2025-06-15T07:12:38.528+00:00","source":{"id":"0","name":"eventBus"}}
{"__type":"$$EventMessageNode","id":"a68e9a04-0795-49c6-9be3-fd0ba00bc820","ts":"2025-06-15T07:12:38.529+00:00","eventName":"n8n.node.finished","message":"n8n.node.finished","payload":{"workflowId":"UX_Starter_Workflow_001","workflowName":"UX_Starter_Workflow_001","executionId":"189","nodeType":"n8n-nodes-base.manualTrigger","nodeName":"UX_Starter_Workflow_001_ManualTrigger"}}
{"__type":"$$EventMessageConfirm","confirm":"a68e9a04-0795-49c6-9be3-fd0ba00bc820","ts":"2025-06-15T07:12:38.529+00:00","source":{"id":"0","name":"eventBus"}}
{"__type":"$$EventMessageWorkflow","id":"a929e640-779e-4915-a053-77ba88e0d89b","ts":"2025-06-15T07:12:38.530+00:00","eventName":"n8n.workflow.success","message":"n8n.workflow.success","payload":{"executionId":"189","userId":"4de22806-68f5-41f1-8225-72fd5cb43857","success":true,"isManual":true,"workflowId":"UX_Starter_Workflow_001","workflowName":"UX_Starter_Workflow_001"}}
{"__type":"$$EventMessageConfirm","confirm":"a929e640-779e-4915-a053-77ba88e0d89b","ts":"2025-06-15T07:12:38.530+00:00","source":{"id":"0","name":"eventBus"}}
{"__type":"$$EventMessageWorkflow","id":"6d9fdc03-7c97-4883-889e-c4b658a17a05","ts":"2025-06-15T07:28:44.800+00:00","eventName":"n8n.workflow.failed","message":"n8n.workflow.failed","payload":{"executionId":"190","userId":"4de22806-68f5-41f1-8225-72fd5cb43857","success":false,"isManual":true,"workflowId":"UX_Starter_Workflow_001","workflowName":"UX_Starter_Workflow_001","errorMessage":"The expression evaluated to a falsy value:\n\n  a.ok(from)\n"}}
{"__type":"$$EventMessageConfirm","confirm":"6d9fdc03-7c97-4883-889e-c4b658a17a05","ts":"2025-06-15T07:28:44.800+00:00","source":{"id":"0","name":"eventBus"}}
{"__type":"$$EventMessageWorkflow","id":"6b4edabc-7166-472b-8731-1a0fcd70d26e","ts":"2025-06-15T07:28:47.443+00:00","eventName":"n8n.workflow.started","message":"n8n.workflow.started","payload":{"executionId":"191","workflowId":"UX_Starter_Workflow_001","isManual":false,"workflowName":"UX_Starter_Workflow_001"}}
{"__type":"$$EventMessageConfirm","confirm":"6b4edabc-7166-472b-8731-1a0fcd70d26e","ts":"2025-06-15T07:28:47.444+00:00","source":{"id":"0","name":"eventBus"}}
{"__type":"$$EventMessageWorkflow","id":"777c8b09-4978-48de-aa09-dcd30f5fbaad","ts":"2025-06-15T07:28:47.446+00:00","eventName":"n8n.workflow.success","message":"n8n.workflow.success","payload":{"executionId":"191","userId":"4de22806-68f5-41f1-8225-72fd5cb43857","success":true,"isManual":true,"workflowId":"UX_Starter_Workflow_001","workflowName":"UX_Starter_Workflow_001"}}
{"__type":"$$EventMessageConfirm","confirm":"777c8b09-4978-48de-aa09-dcd30f5fbaad","ts":"2025-06-15T07:28:47.446+00:00","source":{"id":"0","name":"eventBus"}}
{"__type":"$$EventMessageWorkflow","id":"e606c65a-3c33-4fbf-a2e9-4ad5b3c74bd5","ts":"2025-06-15T07:28:48.371+00:00","eventName":"n8n.workflow.failed","message":"n8n.workflow.failed","payload":{"executionId":"192","userId":"4de22806-68f5-41f1-8225-72fd5cb43857","success":false,"isManual":true,"workflowId":"UX_Starter_Workflow_001","workflowName":"UX_Starter_Workflow_001","errorMessage":"The expression evaluated to a falsy value:\n\n  a.ok(from)\n"}}
{"__type":"$$EventMessageConfirm","confirm":"e606c65a-3c33-4fbf-a2e9-4ad5b3c74bd5","ts":"2025-06-15T07:28:48.371+00:00","source":{"id":"0","name":"eventBus"}}
{"__type":"$$EventMessageWorkflow","id":"ea2c5740-c526-45fb-a561-51fb78d1f447","ts":"2025-06-15T07:28:48.862+00:00","eventName":"n8n.workflow.started","message":"n8n.workflow.started","payload":{"executionId":"193","workflowId":"UX_Starter_Workflow_001","isManual":false,"workflowName":"UX_Starter_Workflow_001"}}
{"__type":"$$EventMessageConfirm","confirm":"ea2c5740-c526-45fb-a561-51fb78d1f447","ts":"2025-06-15T07:28:48.862+00:00","source":{"id":"0","name":"eventBus"}}
{"__type":"$$EventMessageWorkflow","id":"5dce7fb3-97a6-48a9-8bb1-d37ecbaa9c95","ts":"2025-06-15T07:28:48.866+00:00","eventName":"n8n.workflow.success","message":"n8n.workflow.success","payload":{"executionId":"193","userId":"4de22806-68f5-41f1-8225-72fd5cb43857","success":true,"isManual":true,"workflowId":"UX_Starter_Workflow_001","workflowName":"UX_Starter_Workflow_001"}}
{"__type":"$$EventMessageConfirm","confirm":"5dce7fb3-97a6-48a9-8bb1-d37ecbaa9c95","ts":"2025-06-15T07:28:48.866+00:00","source":{"id":"0","name":"eventBus"}}
{"__type":"$$EventMessageWorkflow","id":"328e3b43-96d9-413e-8efd-2401ea93db2e","ts":"2025-06-15T07:28:49.035+00:00","eventName":"n8n.workflow.failed","message":"n8n.workflow.failed","payload":{"executionId":"194","userId":"4de22806-68f5-41f1-8225-72fd5cb43857","success":false,"isManual":true,"workflowId":"UX_Starter_Workflow_001","workflowName":"UX_Starter_Workflow_001","errorMessage":"The expression evaluated to a falsy value:\n\n  a.ok(from)\n"}}
{"__type":"$$EventMessageConfirm","confirm":"328e3b43-96d9-413e-8efd-2401ea93db2e","ts":"2025-06-15T07:28:49.035+00:00","source":{"id":"0","name":"eventBus"}}
{"__type":"$$EventMessageWorkflow","id":"64c9a5a0-1e46-4871-92fb-2bb220babd7f","ts":"2025-06-15T07:28:49.398+00:00","eventName":"n8n.workflow.started","message":"n8n.workflow.started","payload":{"executionId":"195","workflowId":"UX_Starter_Workflow_001","isManual":false,"workflowName":"UX_Starter_Workflow_001"}}
{"__type":"$$EventMessageConfirm","confirm":"64c9a5a0-1e46-4871-92fb-2bb220babd7f","ts":"2025-06-15T07:28:49.398+00:00","source":{"id":"0","name":"eventBus"}}
{"__type":"$$EventMessageWorkflow","id":"bef93ceb-d291-4ddf-bcc3-a3085405c9f0","ts":"2025-06-15T07:28:49.400+00:00","eventName":"n8n.workflow.success","message":"n8n.workflow.success","payload":{"executionId":"195","userId":"4de22806-68f5-41f1-8225-72fd5cb43857","success":true,"isManual":true,"workflowId":"UX_Starter_Workflow_001","workflowName":"UX_Starter_Workflow_001"}}
{"__type":"$$EventMessageConfirm","confirm":"bef93ceb-d291-4ddf-bcc3-a3085405c9f0","ts":"2025-06-15T07:28:49.400+00:00","source":{"id":"0","name":"eventBus"}}
{"__type":"$$EventMessageWorkflow","id":"b3154b2c-d02a-40a7-b8b3-4393872b21d0","ts":"2025-06-15T07:28:49.625+00:00","eventName":"n8n.workflow.failed","message":"n8n.workflow.failed","payload":{"executionId":"196","userId":"4de22806-68f5-41f1-8225-72fd5cb43857","success":false,"isManual":true,"workflowId":"UX_Starter_Workflow_001","workflowName":"UX_Starter_Workflow_001","errorMessage":"The expression evaluated to a falsy value:\n\n  a.ok(from)\n"}}
{"__type":"$$EventMessageConfirm","confirm":"b3154b2c-d02a-40a7-b8b3-4393872b21d0","ts":"2025-06-15T07:28:49.625+00:00","source":{"id":"0","name":"eventBus"}}
{"__type":"$$EventMessageWorkflow","id":"9917d701-07c5-4568-890b-a29ad04794d0","ts":"2025-06-15T07:28:53.123+00:00","eventName":"n8n.workflow.started","message":"n8n.workflow.started","payload":{"executionId":"197","workflowId":"UX_Starter_Workflow_001","isManual":false,"workflowName":"UX_Starter_Workflow_001"}}
{"__type":"$$EventMessageConfirm","confirm":"9917d701-07c5-4568-890b-a29ad04794d0","ts":"2025-06-15T07:28:53.123+00:00","source":{"id":"0","name":"eventBus"}}
{"__type":"$$EventMessageNode","id":"c0a0f1d6-0491-4211-9a28-8cd1010fc7cd","ts":"2025-06-15T07:28:53.124+00:00","eventName":"n8n.node.started","message":"n8n.node.started","payload":{"workflowId":"UX_Starter_Workflow_001","workflowName":"UX_Starter_Workflow_001","executionId":"197","nodeType":"n8n-nodes-base.manualTrigger","nodeName":"UX_Starter_Workflow_001_ManualTrigger"}}
{"__type":"$$EventMessageConfirm","confirm":"c0a0f1d6-0491-4211-9a28-8cd1010fc7cd","ts":"2025-06-15T07:28:53.124+00:00","source":{"id":"0","name":"eventBus"}}
{"__type":"$$EventMessageNode","id":"89b75a55-5500-4bcf-bf6e-f68455227963","ts":"2025-06-15T07:28:53.125+00:00","eventName":"n8n.node.finished","message":"n8n.node.finished","payload":{"workflowId":"UX_Starter_Workflow_001","workflowName":"UX_Starter_Workflow_001","executionId":"197","nodeType":"n8n-nodes-base.manualTrigger","nodeName":"UX_Starter_Workflow_001_ManualTrigger"}}
{"__type":"$$EventMessageConfirm","confirm":"89b75a55-5500-4bcf-bf6e-f68455227963","ts":"2025-06-15T07:28:53.125+00:00","source":{"id":"0","name":"eventBus"}}
{"__type":"$$EventMessageWorkflow","id":"ba70fd2b-81e3-4e7a-8bf4-494f5fc0e369","ts":"2025-06-15T07:28:53.126+00:00","eventName":"n8n.workflow.success","message":"n8n.workflow.success","payload":{"executionId":"197","userId":"4de22806-68f5-41f1-8225-72fd5cb43857","success":true,"isManual":true,"workflowId":"UX_Starter_Workflow_001","workflowName":"UX_Starter_Workflow_001"}}
{"__type":"$$EventMessageConfirm","confirm":"ba70fd2b-81e3-4e7a-8bf4-494f5fc0e369","ts":"2025-06-15T07:28:53.126+00:00","source":{"id":"0","name":"eventBus"}}
